0 verbose cli /usr/local/bin/node /usr/local/bin/npm
1 info using npm@10.9.3
2 info using node@v22.18.0
3 silly config load:file:/usr/local/lib/node_modules/npm/npmrc
4 silly config load:file:/Users/shivanisatyam/Desktop/TBS website/TBS Website/.npmrc
5 silly config load:file:/Users/shivanisatyam/.npmrc
6 silly config load:file:/usr/local/etc/npmrc
7 verbose title npm install @vitejs/plugin-react
8 verbose argv "install" "--save-dev" "@vitejs/plugin-react" "--no-audit" "--no-fund" "--cache" "./.npm-cache"
9 verbose logfile logs-max:10 dir:/Users/shivanisatyam/Desktop/TBS website/TBS Website/.npm-cache/_logs/2025-10-16T06_35_10_355Z-
10 verbose logfile /Users/shivanisatyam/Desktop/TBS website/TBS Website/.npm-cache/_logs/2025-10-16T06_35_10_355Z-debug-0.log
11 silly logfile done cleaning log files
12 silly packumentCache heap:2197815296 maxSize:549453824 maxEntrySize:274726912
13 silly idealTree buildDeps
14 silly fetch manifest @vitejs/plugin-react@*
15 silly packumentCache full:https://registry.npmjs.org/@vitejs%2fplugin-react cache-miss
16 http fetch GET 200 https://registry.npmjs.org/@vitejs%2fplugin-react 386ms (cache miss)
17 silly packumentCache full:https://registry.npmjs.org/@vitejs%2fplugin-react set size:undefined disposed:false
18 silly fetch manifest vite@^5.4.8
19 silly packumentCache full:https://registry.npmjs.org/vite cache-miss
20 http cache https://registry.npmjs.org/vite 392ms (cache hit)
21 silly packumentCache full:https://registry.npmjs.org/vite set size:38553349 disposed:false
22 silly fetch manifest @types/node@^18.0.0 || >=20.0.0
23 silly packumentCache full:https://registry.npmjs.org/@types%2fnode cache-miss
24 http cache https://registry.npmjs.org/@types%2fnode 35ms (cache hit)
25 silly packumentCache full:https://registry.npmjs.org/@types%2fnode set size:10636554 disposed:false
26 silly fetch manifest less@*
27 silly packumentCache full:https://registry.npmjs.org/less cache-miss
28 http cache https://registry.npmjs.org/less 9ms (cache hit)
29 silly packumentCache full:https://registry.npmjs.org/less set size:425893 disposed:false
30 silly fetch manifest lightningcss@^1.21.0
31 silly packumentCache full:https://registry.npmjs.org/lightningcss cache-miss
32 http cache https://registry.npmjs.org/lightningcss 14ms (cache hit)
33 silly packumentCache full:https://registry.npmjs.org/lightningcss set size:173815 disposed:false
34 silly fetch manifest sass@*
35 silly packumentCache full:https://registry.npmjs.org/sass cache-miss
36 http cache https://registry.npmjs.org/sass 8ms (cache hit)
37 silly packumentCache full:https://registry.npmjs.org/sass set size:697197 disposed:false
38 silly fetch manifest sass-embedded@*
39 silly packumentCache full:https://registry.npmjs.org/sass-embedded cache-miss
40 http cache https://registry.npmjs.org/sass-embedded 8ms (cache hit)
41 silly packumentCache full:https://registry.npmjs.org/sass-embedded set size:379146 disposed:false
42 silly fetch manifest stylus@*
43 silly packumentCache full:https://registry.npmjs.org/stylus cache-miss
44 http cache https://registry.npmjs.org/stylus 7ms (cache hit)
45 silly packumentCache full:https://registry.npmjs.org/stylus set size:286766 disposed:false
46 silly fetch manifest sugarss@*
47 silly packumentCache full:https://registry.npmjs.org/sugarss cache-miss
48 http cache https://registry.npmjs.org/sugarss 58ms (cache hit)
49 silly packumentCache full:https://registry.npmjs.org/sugarss set size:44975 disposed:false
50 silly fetch manifest postcss@^8.4.47
51 silly packumentCache full:https://registry.npmjs.org/postcss cache-miss
52 http cache https://registry.npmjs.org/postcss 14ms (cache hit)
53 silly packumentCache full:https://registry.npmjs.org/postcss set size:696248 disposed:false
54 silly fetch manifest terser@^5.4.0
55 silly packumentCache full:https://registry.npmjs.org/terser cache-miss
56 http cache https://registry.npmjs.org/terser 7ms (cache hit)
57 silly packumentCache full:https://registry.npmjs.org/terser set size:776798 disposed:false
58 silly placeDep ROOT @vitejs/plugin-react@5.0.4 OK for: tbs-website@0.1.0 want: *
59 silly fetch manifest @babel/core@^7.28.4
60 silly packumentCache full:https://registry.npmjs.org/@babel%2fcore cache-miss
61 silly fetch manifest @babel/plugin-transform-react-jsx-self@^7.27.1
62 silly packumentCache full:https://registry.npmjs.org/@babel%2fplugin-transform-react-jsx-self cache-miss
63 silly fetch manifest @babel/plugin-transform-react-jsx-source@^7.27.1
64 silly packumentCache full:https://registry.npmjs.org/@babel%2fplugin-transform-react-jsx-source cache-miss
65 http fetch GET 200 https://registry.npmjs.org/@babel%2fcore 227ms (cache miss)
66 silly packumentCache full:https://registry.npmjs.org/@babel%2fcore set size:undefined disposed:false
67 silly fetch manifest @rolldown/pluginutils@1.0.0-beta.38
68 silly packumentCache full:https://registry.npmjs.org/@rolldown%2fpluginutils cache-miss
69 http fetch GET 200 https://registry.npmjs.org/@babel%2fplugin-transform-react-jsx-self 241ms (cache miss)
70 silly packumentCache full:https://registry.npmjs.org/@babel%2fplugin-transform-react-jsx-self set size:undefined disposed:false
71 silly fetch manifest @types/babel__core@^7.20.5
72 silly packumentCache full:https://registry.npmjs.org/@types%2fbabel__core cache-miss
73 http fetch GET 200 https://registry.npmjs.org/@babel%2fplugin-transform-react-jsx-source 256ms (cache miss)
74 silly packumentCache full:https://registry.npmjs.org/@babel%2fplugin-transform-react-jsx-source set size:undefined disposed:false
75 silly fetch manifest react-refresh@^0.17.0
76 silly packumentCache full:https://registry.npmjs.org/react-refresh cache-miss
77 http fetch GET 200 https://registry.npmjs.org/@types%2fbabel__core 392ms (cache miss)
78 silly packumentCache full:https://registry.npmjs.org/@types%2fbabel__core set size:undefined disposed:false
79 http fetch GET 200 https://registry.npmjs.org/@rolldown%2fpluginutils 675ms (cache miss)
80 silly packumentCache full:https://registry.npmjs.org/@rolldown%2fpluginutils set size:undefined disposed:false
81 http fetch GET 200 https://registry.npmjs.org/react-refresh 1041ms (cache miss)
82 silly packumentCache full:https://registry.npmjs.org/react-refresh set size:undefined disposed:false
83 silly placeDep ROOT @babel/core@7.28.4 OK for: @vitejs/plugin-react@5.0.4 want: ^7.28.4
84 silly placeDep ROOT @babel/plugin-transform-react-jsx-self@7.27.1 OK for: @vitejs/plugin-react@5.0.4 want: ^7.27.1
85 silly placeDep ROOT @babel/plugin-transform-react-jsx-source@7.27.1 OK for: @vitejs/plugin-react@5.0.4 want: ^7.27.1
86 silly placeDep ROOT @rolldown/pluginutils@1.0.0-beta.38 OK for: @vitejs/plugin-react@5.0.4 want: 1.0.0-beta.38
87 silly placeDep ROOT @types/babel__core@7.20.5 OK for: @vitejs/plugin-react@5.0.4 want: ^7.20.5
88 silly placeDep ROOT react-refresh@0.17.0 OK for: @vitejs/plugin-react@5.0.4 want: ^0.17.0
89 silly fetch manifest json5@^2.2.3
90 silly packumentCache full:https://registry.npmjs.org/json5 cache-miss
91 silly fetch manifest semver@^6.3.1
92 silly packumentCache full:https://registry.npmjs.org/semver cache-miss
93 silly fetch manifest gensync@^1.0.0-beta.2
94 silly packumentCache full:https://registry.npmjs.org/gensync cache-miss
95 http cache https://registry.npmjs.org/semver 56ms (cache hit)
96 silly packumentCache full:https://registry.npmjs.org/semver set size:226907 disposed:false
97 silly fetch manifest @babel/types@^7.28.4
98 silly packumentCache full:https://registry.npmjs.org/@babel%2ftypes cache-miss
99 http fetch GET 200 https://registry.npmjs.org/gensync 254ms (cache miss)
100 silly packumentCache full:https://registry.npmjs.org/gensync set size:undefined disposed:false
101 silly fetch manifest @babel/parser@^7.28.4
102 silly packumentCache full:https://registry.npmjs.org/@babel%2fparser cache-miss
103 http fetch GET 200 https://registry.npmjs.org/json5 257ms (cache miss)
104 silly packumentCache full:https://registry.npmjs.org/json5 set size:undefined disposed:false
105 silly fetch manifest @babel/helpers@^7.28.4
106 silly packumentCache full:https://registry.npmjs.org/@babel%2fhelpers cache-miss
107 http fetch GET 200 https://registry.npmjs.org/@babel%2ftypes 355ms (cache miss)
108 silly packumentCache full:https://registry.npmjs.org/@babel%2ftypes set size:undefined disposed:false
109 silly fetch manifest @babel/template@^7.27.2
110 silly packumentCache full:https://registry.npmjs.org/@babel%2ftemplate cache-miss
111 http fetch GET 200 https://registry.npmjs.org/@babel%2fparser 288ms (cache miss)
112 silly packumentCache full:https://registry.npmjs.org/@babel%2fparser set size:undefined disposed:false
113 silly fetch manifest @babel/traverse@^7.28.4
114 silly packumentCache full:https://registry.npmjs.org/@babel%2ftraverse cache-miss
115 http fetch GET 200 https://registry.npmjs.org/@babel%2ftemplate 136ms (cache miss)
116 silly packumentCache full:https://registry.npmjs.org/@babel%2ftemplate set size:undefined disposed:false
117 silly fetch manifest @babel/generator@^7.28.3
118 silly packumentCache full:https://registry.npmjs.org/@babel%2fgenerator cache-miss
119 http fetch GET 200 https://registry.npmjs.org/@babel%2fhelpers 301ms (cache miss)
120 silly packumentCache full:https://registry.npmjs.org/@babel%2fhelpers set size:undefined disposed:false
121 silly fetch manifest @babel/code-frame@^7.27.1
122 silly packumentCache full:https://registry.npmjs.org/@babel%2fcode-frame cache-miss
123 http fetch GET 200 https://registry.npmjs.org/@babel%2ftraverse 110ms (cache miss)
124 silly packumentCache full:https://registry.npmjs.org/@babel%2ftraverse set size:undefined disposed:false
125 silly fetch manifest convert-source-map@^2.0.0
126 silly packumentCache full:https://registry.npmjs.org/convert-source-map cache-miss
127 http fetch GET 200 https://registry.npmjs.org/@babel%2fgenerator 105ms (cache miss)
128 silly packumentCache full:https://registry.npmjs.org/@babel%2fgenerator set size:undefined disposed:false
129 silly fetch manifest @jridgewell/remapping@^2.3.5
130 silly packumentCache full:https://registry.npmjs.org/@jridgewell%2fremapping cache-miss
131 http fetch GET 200 https://registry.npmjs.org/@babel%2fcode-frame 115ms (cache miss)
132 silly packumentCache full:https://registry.npmjs.org/@babel%2fcode-frame set size:undefined disposed:false
133 silly fetch manifest @babel/helper-module-transforms@^7.28.3
134 silly packumentCache full:https://registry.npmjs.org/@babel%2fhelper-module-transforms cache-miss
135 http fetch GET 200 https://registry.npmjs.org/@jridgewell%2fremapping 138ms (cache miss)
136 silly packumentCache full:https://registry.npmjs.org/@jridgewell%2fremapping set size:undefined disposed:false
137 silly fetch manifest @babel/helper-compilation-targets@^7.27.2
138 silly packumentCache full:https://registry.npmjs.org/@babel%2fhelper-compilation-targets cache-miss
139 http fetch GET 200 https://registry.npmjs.org/convert-source-map 149ms (cache miss)
140 silly packumentCache full:https://registry.npmjs.org/convert-source-map set size:undefined disposed:false
141 silly fetch manifest @babel/helper-plugin-utils@^7.27.1
142 silly packumentCache full:https://registry.npmjs.org/@babel%2fhelper-plugin-utils cache-miss
143 http fetch GET 200 https://registry.npmjs.org/@babel%2fhelper-module-transforms 273ms (cache miss)
144 silly packumentCache full:https://registry.npmjs.org/@babel%2fhelper-module-transforms set size:undefined disposed:false
145 silly fetch manifest @babel/helper-plugin-utils@^7.27.1
146 silly packumentCache full:https://registry.npmjs.org/@babel%2fhelper-plugin-utils cache-miss
147 http fetch GET 200 https://registry.npmjs.org/@babel%2fhelper-plugin-utils 192ms (cache miss)
148 silly packumentCache full:https://registry.npmjs.org/@babel%2fhelper-plugin-utils set size:undefined disposed:false
149 silly fetch manifest @babel/types@^7.20.7
150 silly packumentCache full:https://registry.npmjs.org/@babel%2ftypes cache-miss
151 http cache https://registry.npmjs.org/@babel%2ftypes 6ms (cache hit)
152 silly packumentCache full:https://registry.npmjs.org/@babel%2ftypes set size:471681 disposed:false
153 silly fetch manifest @babel/parser@^7.20.7
154 silly packumentCache full:https://registry.npmjs.org/@babel%2fparser cache-miss
155 http fetch GET 200 https://registry.npmjs.org/@babel%2fhelper-compilation-targets 208ms (cache miss)
156 silly packumentCache full:https://registry.npmjs.org/@babel%2fhelper-compilation-targets set size:undefined disposed:false
157 silly fetch manifest @types/babel__template@*
158 silly packumentCache full:https://registry.npmjs.org/@types%2fbabel__template cache-miss
159 http cache https://registry.npmjs.org/@babel%2fparser 11ms (cache hit)
160 silly packumentCache full:https://registry.npmjs.org/@babel%2fparser set size:698218 disposed:false
161 silly fetch manifest @types/babel__traverse@*
162 silly packumentCache full:https://registry.npmjs.org/@types%2fbabel__traverse cache-miss
163 http fetch GET 200 https://registry.npmjs.org/@babel%2fhelper-plugin-utils 132ms (cache miss)
164 silly packumentCache full:https://registry.npmjs.org/@babel%2fhelper-plugin-utils set size:undefined disposed:false
165 silly fetch manifest @types/babel__generator@*
166 silly packumentCache full:https://registry.npmjs.org/@types%2fbabel__generator cache-miss
167 http fetch GET 200 https://registry.npmjs.org/@types%2fbabel__template 83ms (cache miss)
168 silly packumentCache full:https://registry.npmjs.org/@types%2fbabel__template set size:undefined disposed:false
169 http fetch GET 200 https://registry.npmjs.org/@types%2fbabel__traverse 81ms (cache miss)
170 silly packumentCache full:https://registry.npmjs.org/@types%2fbabel__traverse set size:undefined disposed:false
171 http fetch GET 200 https://registry.npmjs.org/@types%2fbabel__generator 103ms (cache miss)
172 silly packumentCache full:https://registry.npmjs.org/@types%2fbabel__generator set size:undefined disposed:false
173 silly fetch manifest @babel/core@^7.0.0
174 silly packumentCache full:https://registry.npmjs.org/@babel%2fcore cache-miss
175 http cache https://registry.npmjs.org/@babel%2fcore 7ms (cache hit)
176 silly packumentCache full:https://registry.npmjs.org/@babel%2fcore set size:731531 disposed:false
177 silly placeDep ROOT @babel/code-frame@7.27.1 OK for: @babel/core@7.28.4 want: ^7.27.1
178 silly placeDep ROOT @babel/generator@7.28.3 OK for: @babel/core@7.28.4 want: ^7.28.3
179 silly placeDep ROOT @babel/helper-compilation-targets@7.27.2 OK for: @babel/core@7.28.4 want: ^7.27.2
180 silly placeDep ROOT @babel/helper-module-transforms@7.28.3 OK for: @babel/core@7.28.4 want: ^7.28.3
181 silly placeDep ROOT @babel/helpers@7.28.4 OK for: @babel/core@7.28.4 want: ^7.28.4
182 silly placeDep ROOT @babel/parser@7.28.4 OK for: @babel/core@7.28.4 want: ^7.28.4
183 silly placeDep ROOT @babel/template@7.27.2 OK for: @babel/core@7.28.4 want: ^7.27.2
184 silly placeDep ROOT @babel/traverse@7.28.4 OK for: @babel/core@7.28.4 want: ^7.28.4
185 silly placeDep ROOT @babel/types@7.28.4 OK for: @babel/core@7.28.4 want: ^7.28.4
186 silly placeDep ROOT @jridgewell/remapping@2.3.5 OK for: @babel/core@7.28.4 want: ^2.3.5
187 silly placeDep ROOT convert-source-map@2.0.0 OK for: @babel/core@7.28.4 want: ^2.0.0
188 silly placeDep ROOT gensync@1.0.0-beta.2 OK for: @babel/core@7.28.4 want: ^1.0.0-beta.2
189 silly placeDep ROOT json5@2.2.3 OK for: @babel/core@7.28.4 want: ^2.2.3
190 silly placeDep node_modules/@babel/core semver@6.3.1 OK for: @babel/core@7.28.4 want: ^6.3.1
191 silly fetch manifest @babel/helper-validator-identifier@^7.27.1
192 silly packumentCache full:https://registry.npmjs.org/@babel%2fhelper-validator-identifier cache-miss
193 silly fetch manifest jsesc@^3.0.2
194 silly packumentCache full:https://registry.npmjs.org/jsesc cache-miss
195 silly fetch manifest @babel/types@^7.28.2
196 silly packumentCache full:https://registry.npmjs.org/@babel%2ftypes cache-hit
197 silly fetch manifest @babel/parser@^7.28.3
198 silly packumentCache full:https://registry.npmjs.org/@babel%2fparser cache-hit
199 silly fetch manifest lru-cache@^5.1.1
200 silly packumentCache full:https://registry.npmjs.org/lru-cache cache-miss
201 http cache https://registry.npmjs.org/lru-cache 24ms (cache hit)
202 silly packumentCache full:https://registry.npmjs.org/lru-cache set size:400387 disposed:false
203 silly fetch manifest @babel/compat-data@^7.27.2
204 silly packumentCache full:https://registry.npmjs.org/@babel%2fcompat-data cache-miss
205 http fetch GET 200 https://registry.npmjs.org/jsesc 235ms (cache miss)
206 silly packumentCache full:https://registry.npmjs.org/jsesc set size:undefined disposed:false
207 silly fetch manifest @babel/helper-validator-option@^7.27.1
208 silly packumentCache full:https://registry.npmjs.org/@babel%2fhelper-validator-option cache-miss
209 http fetch GET 200 https://registry.npmjs.org/@babel%2fhelper-validator-identifier 253ms (cache miss)
210 silly packumentCache full:https://registry.npmjs.org/@babel%2fhelper-validator-identifier set size:undefined disposed:false
211 silly fetch manifest @babel/traverse@^7.28.3
212 silly packumentCache full:https://registry.npmjs.org/@babel%2ftraverse cache-miss
213 http cache https://registry.npmjs.org/@babel%2ftraverse 7ms (cache hit)
214 silly packumentCache full:https://registry.npmjs.org/@babel%2ftraverse set size:531401 disposed:false
215 silly fetch manifest @babel/helper-module-imports@^7.27.1
216 silly packumentCache full:https://registry.npmjs.org/@babel%2fhelper-module-imports cache-miss
217 http fetch GET 200 https://registry.npmjs.org/@babel%2fhelper-validator-option 66ms (cache miss)
218 silly packumentCache full:https://registry.npmjs.org/@babel%2fhelper-validator-option set size:undefined disposed:false
219 silly fetch manifest @babel/types@^7.27.1
220 silly packumentCache full:https://registry.npmjs.org/@babel%2ftypes cache-hit
221 silly fetch manifest @babel/helper-globals@^7.28.0
222 silly packumentCache full:https://registry.npmjs.org/@babel%2fhelper-globals cache-miss
223 http fetch GET 200 https://registry.npmjs.org/@babel%2fhelper-module-imports 65ms (cache miss)
224 silly packumentCache full:https://registry.npmjs.org/@babel%2fhelper-module-imports set size:undefined disposed:false
225 silly fetch manifest @babel/helper-string-parser@^7.27.1
226 silly packumentCache full:https://registry.npmjs.org/@babel%2fhelper-string-parser cache-miss
227 http fetch GET 200 https://registry.npmjs.org/@babel%2fhelper-globals 55ms (cache miss)
228 silly packumentCache full:https://registry.npmjs.org/@babel%2fhelper-globals set size:undefined disposed:false
229 http fetch GET 200 https://registry.npmjs.org/@babel%2fhelper-string-parser 73ms (cache miss)
230 silly packumentCache full:https://registry.npmjs.org/@babel%2fhelper-string-parser set size:undefined disposed:false
231 http fetch GET 200 https://registry.npmjs.org/@babel%2fcompat-data 935ms (cache miss)
232 silly packumentCache full:https://registry.npmjs.org/@babel%2fcompat-data set size:undefined disposed:false
233 silly placeDep ROOT @babel/helper-validator-identifier@7.27.1 OK for: @babel/code-frame@7.27.1 want: ^7.27.1
234 silly placeDep ROOT jsesc@3.1.0 OK for: @babel/generator@7.28.3 want: ^3.0.2
235 silly placeDep ROOT @babel/compat-data@7.28.4 OK for: @babel/helper-compilation-targets@7.27.2 want: ^7.27.2
236 silly placeDep ROOT @babel/helper-validator-option@7.27.1 OK for: @babel/helper-compilation-targets@7.27.2 want: ^7.27.1
237 silly placeDep node_modules/@babel/helper-compilation-targets lru-cache@5.1.1 OK for: @babel/helper-compilation-targets@7.27.2 want: ^5.1.1
238 silly placeDep node_modules/@babel/helper-compilation-targets semver@6.3.1 OK for: @babel/helper-compilation-targets@7.27.2 want: ^6.3.1
239 silly fetch manifest yallist@^3.0.2
240 silly packumentCache full:https://registry.npmjs.org/yallist cache-miss
241 http fetch GET 200 https://registry.npmjs.org/yallist 276ms (cache miss)
242 silly packumentCache full:https://registry.npmjs.org/yallist set size:undefined disposed:false
243 silly placeDep ROOT @babel/helper-module-imports@7.27.1 OK for: @babel/helper-module-transforms@7.28.3 want: ^7.27.1
244 silly placeDep ROOT @babel/helper-plugin-utils@7.27.1 OK for: @babel/plugin-transform-react-jsx-self@7.27.1 want: ^7.27.1
245 silly placeDep ROOT @babel/helper-globals@7.28.0 OK for: @babel/traverse@7.28.4 want: ^7.28.0
246 silly placeDep ROOT @babel/helper-string-parser@7.27.1 OK for: @babel/types@7.28.4 want: ^7.27.1
247 silly placeDep ROOT @types/babel__generator@7.27.0 OK for: @types/babel__core@7.20.5 want: *
248 silly placeDep ROOT @types/babel__template@7.4.4 OK for: @types/babel__core@7.20.5 want: *
249 silly placeDep ROOT @types/babel__traverse@7.28.0 OK for: @types/babel__core@7.20.5 want: *
250 silly placeDep ROOT yallist@3.1.1 OK for: lru-cache@5.1.1 want: ^3.0.2
251 silly reify moves {}
252 verbose reify failed optional dependency /Users/shivanisatyam/Desktop/TBS website/TBS Website/node_modules/@rollup/rollup-win32-x64-msvc
253 silly reify mark deleted [
253 silly reify   '/Users/shivanisatyam/Desktop/TBS website/TBS Website/node_modules/@rollup/rollup-win32-x64-msvc'
253 silly reify ]
254 verbose reify failed optional dependency /Users/shivanisatyam/Desktop/TBS website/TBS Website/node_modules/@rollup/rollup-win32-x64-gnu
255 silly reify mark deleted [
255 silly reify   '/Users/shivanisatyam/Desktop/TBS website/TBS Website/node_modules/@rollup/rollup-win32-x64-gnu'
255 silly reify ]
256 verbose reify failed optional dependency /Users/shivanisatyam/Desktop/TBS website/TBS Website/node_modules/@rollup/rollup-win32-ia32-msvc
257 silly reify mark deleted [
257 silly reify   '/Users/shivanisatyam/Desktop/TBS website/TBS Website/node_modules/@rollup/rollup-win32-ia32-msvc'
257 silly reify ]
258 verbose reify failed optional dependency /Users/shivanisatyam/Desktop/TBS website/TBS Website/node_modules/@rollup/rollup-win32-arm64-msvc
259 silly reify mark deleted [
259 silly reify   '/Users/shivanisatyam/Desktop/TBS website/TBS Website/node_modules/@rollup/rollup-win32-arm64-msvc'
259 silly reify ]
260 verbose reify failed optional dependency /Users/shivanisatyam/Desktop/TBS website/TBS Website/node_modules/@rollup/rollup-openharmony-arm64
261 silly reify mark deleted [
261 silly reify   '/Users/shivanisatyam/Desktop/TBS website/TBS Website/node_modules/@rollup/rollup-openharmony-arm64'
261 silly reify ]
262 verbose reify failed optional dependency /Users/shivanisatyam/Desktop/TBS website/TBS Website/node_modules/@rollup/rollup-linux-x64-musl
263 silly reify mark deleted [
263 silly reify   '/Users/shivanisatyam/Desktop/TBS website/TBS Website/node_modules/@rollup/rollup-linux-x64-musl'
263 silly reify ]
264 verbose reify failed optional dependency /Users/shivanisatyam/Desktop/TBS website/TBS Website/node_modules/@rollup/rollup-linux-x64-gnu
265 silly reify mark deleted [
265 silly reify   '/Users/shivanisatyam/Desktop/TBS website/TBS Website/node_modules/@rollup/rollup-linux-x64-gnu'
265 silly reify ]
266 verbose reify failed optional dependency /Users/shivanisatyam/Desktop/TBS website/TBS Website/node_modules/@rollup/rollup-linux-s390x-gnu
267 silly reify mark deleted [
267 silly reify   '/Users/shivanisatyam/Desktop/TBS website/TBS Website/node_modules/@rollup/rollup-linux-s390x-gnu'
267 silly reify ]
268 verbose reify failed optional dependency /Users/shivanisatyam/Desktop/TBS website/TBS Website/node_modules/@rollup/rollup-linux-riscv64-musl
269 silly reify mark deleted [
269 silly reify   '/Users/shivanisatyam/Desktop/TBS website/TBS Website/node_modules/@rollup/rollup-linux-riscv64-musl'
269 silly reify ]
270 verbose reify failed optional dependency /Users/shivanisatyam/Desktop/TBS website/TBS Website/node_modules/@rollup/rollup-linux-riscv64-gnu
271 silly reify mark deleted [
271 silly reify   '/Users/shivanisatyam/Desktop/TBS website/TBS Website/node_modules/@rollup/rollup-linux-riscv64-gnu'
271 silly reify ]
272 verbose reify failed optional dependency /Users/shivanisatyam/Desktop/TBS website/TBS Website/node_modules/@rollup/rollup-linux-ppc64-gnu
273 silly reify mark deleted [
273 silly reify   '/Users/shivanisatyam/Desktop/TBS website/TBS Website/node_modules/@rollup/rollup-linux-ppc64-gnu'
273 silly reify ]
274 verbose reify failed optional dependency /Users/shivanisatyam/Desktop/TBS website/TBS Website/node_modules/@rollup/rollup-linux-loong64-gnu
275 silly reify mark deleted [
275 silly reify   '/Users/shivanisatyam/Desktop/TBS website/TBS Website/node_modules/@rollup/rollup-linux-loong64-gnu'
275 silly reify ]
276 verbose reify failed optional dependency /Users/shivanisatyam/Desktop/TBS website/TBS Website/node_modules/@rollup/rollup-linux-arm64-musl
277 silly reify mark deleted [
277 silly reify   '/Users/shivanisatyam/Desktop/TBS website/TBS Website/node_modules/@rollup/rollup-linux-arm64-musl'
277 silly reify ]
278 verbose reify failed optional dependency /Users/shivanisatyam/Desktop/TBS website/TBS Website/node_modules/@rollup/rollup-linux-arm64-gnu
279 silly reify mark deleted [
279 silly reify   '/Users/shivanisatyam/Desktop/TBS website/TBS Website/node_modules/@rollup/rollup-linux-arm64-gnu'
279 silly reify ]
280 verbose reify failed optional dependency /Users/shivanisatyam/Desktop/TBS website/TBS Website/node_modules/@rollup/rollup-linux-arm-musleabihf
281 silly reify mark deleted [
281 silly reify   '/Users/shivanisatyam/Desktop/TBS website/TBS Website/node_modules/@rollup/rollup-linux-arm-musleabihf'
281 silly reify ]
282 verbose reify failed optional dependency /Users/shivanisatyam/Desktop/TBS website/TBS Website/node_modules/@rollup/rollup-linux-arm-gnueabihf
283 silly reify mark deleted [
283 silly reify   '/Users/shivanisatyam/Desktop/TBS website/TBS Website/node_modules/@rollup/rollup-linux-arm-gnueabihf'
283 silly reify ]
284 verbose reify failed optional dependency /Users/shivanisatyam/Desktop/TBS website/TBS Website/node_modules/@rollup/rollup-freebsd-x64
285 silly reify mark deleted [
285 silly reify   '/Users/shivanisatyam/Desktop/TBS website/TBS Website/node_modules/@rollup/rollup-freebsd-x64'
285 silly reify ]
286 verbose reify failed optional dependency /Users/shivanisatyam/Desktop/TBS website/TBS Website/node_modules/@rollup/rollup-freebsd-arm64
287 silly reify mark deleted [
287 silly reify   '/Users/shivanisatyam/Desktop/TBS website/TBS Website/node_modules/@rollup/rollup-freebsd-arm64'
287 silly reify ]
288 verbose reify failed optional dependency /Users/shivanisatyam/Desktop/TBS website/TBS Website/node_modules/@rollup/rollup-darwin-arm64
289 silly reify mark deleted [
289 silly reify   '/Users/shivanisatyam/Desktop/TBS website/TBS Website/node_modules/@rollup/rollup-darwin-arm64'
289 silly reify ]
290 verbose reify failed optional dependency /Users/shivanisatyam/Desktop/TBS website/TBS Website/node_modules/@rollup/rollup-android-arm64
291 silly reify mark deleted [
291 silly reify   '/Users/shivanisatyam/Desktop/TBS website/TBS Website/node_modules/@rollup/rollup-android-arm64'
291 silly reify ]
292 verbose reify failed optional dependency /Users/shivanisatyam/Desktop/TBS website/TBS Website/node_modules/@rollup/rollup-android-arm-eabi
293 silly reify mark deleted [
293 silly reify   '/Users/shivanisatyam/Desktop/TBS website/TBS Website/node_modules/@rollup/rollup-android-arm-eabi'
293 silly reify ]
294 verbose reify failed optional dependency /Users/shivanisatyam/Desktop/TBS website/TBS Website/node_modules/@esbuild/win32-x64
295 silly reify mark deleted [
295 silly reify   '/Users/shivanisatyam/Desktop/TBS website/TBS Website/node_modules/@esbuild/win32-x64'
295 silly reify ]
296 verbose reify failed optional dependency /Users/shivanisatyam/Desktop/TBS website/TBS Website/node_modules/@esbuild/win32-ia32
297 silly reify mark deleted [
297 silly reify   '/Users/shivanisatyam/Desktop/TBS website/TBS Website/node_modules/@esbuild/win32-ia32'
297 silly reify ]
298 verbose reify failed optional dependency /Users/shivanisatyam/Desktop/TBS website/TBS Website/node_modules/@esbuild/win32-arm64
299 silly reify mark deleted [
299 silly reify   '/Users/shivanisatyam/Desktop/TBS website/TBS Website/node_modules/@esbuild/win32-arm64'
299 silly reify ]
300 verbose reify failed optional dependency /Users/shivanisatyam/Desktop/TBS website/TBS Website/node_modules/@esbuild/sunos-x64
301 silly reify mark deleted [
301 silly reify   '/Users/shivanisatyam/Desktop/TBS website/TBS Website/node_modules/@esbuild/sunos-x64'
301 silly reify ]
302 verbose reify failed optional dependency /Users/shivanisatyam/Desktop/TBS website/TBS Website/node_modules/@esbuild/openbsd-x64
303 silly reify mark deleted [
303 silly reify   '/Users/shivanisatyam/Desktop/TBS website/TBS Website/node_modules/@esbuild/openbsd-x64'
303 silly reify ]
304 verbose reify failed optional dependency /Users/shivanisatyam/Desktop/TBS website/TBS Website/node_modules/@esbuild/netbsd-x64
305 silly reify mark deleted [
305 silly reify   '/Users/shivanisatyam/Desktop/TBS website/TBS Website/node_modules/@esbuild/netbsd-x64'
305 silly reify ]
306 verbose reify failed optional dependency /Users/shivanisatyam/Desktop/TBS website/TBS Website/node_modules/@esbuild/linux-x64
307 silly reify mark deleted [
307 silly reify   '/Users/shivanisatyam/Desktop/TBS website/TBS Website/node_modules/@esbuild/linux-x64'
307 silly reify ]
308 verbose reify failed optional dependency /Users/shivanisatyam/Desktop/TBS website/TBS Website/node_modules/@esbuild/linux-s390x
309 silly reify mark deleted [
309 silly reify   '/Users/shivanisatyam/Desktop/TBS website/TBS Website/node_modules/@esbuild/linux-s390x'
309 silly reify ]
310 verbose reify failed optional dependency /Users/shivanisatyam/Desktop/TBS website/TBS Website/node_modules/@esbuild/linux-riscv64
311 silly reify mark deleted [
311 silly reify   '/Users/shivanisatyam/Desktop/TBS website/TBS Website/node_modules/@esbuild/linux-riscv64'
311 silly reify ]
312 verbose reify failed optional dependency /Users/shivanisatyam/Desktop/TBS website/TBS Website/node_modules/@esbuild/linux-ppc64
313 silly reify mark deleted [
313 silly reify   '/Users/shivanisatyam/Desktop/TBS website/TBS Website/node_modules/@esbuild/linux-ppc64'
313 silly reify ]
314 verbose reify failed optional dependency /Users/shivanisatyam/Desktop/TBS website/TBS Website/node_modules/@esbuild/linux-mips64el
315 silly reify mark deleted [
315 silly reify   '/Users/shivanisatyam/Desktop/TBS website/TBS Website/node_modules/@esbuild/linux-mips64el'
315 silly reify ]
316 verbose reify failed optional dependency /Users/shivanisatyam/Desktop/TBS website/TBS Website/node_modules/@esbuild/linux-loong64
317 silly reify mark deleted [
317 silly reify   '/Users/shivanisatyam/Desktop/TBS website/TBS Website/node_modules/@esbuild/linux-loong64'
317 silly reify ]
318 verbose reify failed optional dependency /Users/shivanisatyam/Desktop/TBS website/TBS Website/node_modules/@esbuild/linux-ia32
319 silly reify mark deleted [
319 silly reify   '/Users/shivanisatyam/Desktop/TBS website/TBS Website/node_modules/@esbuild/linux-ia32'
319 silly reify ]
320 verbose reify failed optional dependency /Users/shivanisatyam/Desktop/TBS website/TBS Website/node_modules/@esbuild/linux-arm64
321 silly reify mark deleted [
321 silly reify   '/Users/shivanisatyam/Desktop/TBS website/TBS Website/node_modules/@esbuild/linux-arm64'
321 silly reify ]
322 verbose reify failed optional dependency /Users/shivanisatyam/Desktop/TBS website/TBS Website/node_modules/@esbuild/linux-arm
323 silly reify mark deleted [
323 silly reify   '/Users/shivanisatyam/Desktop/TBS website/TBS Website/node_modules/@esbuild/linux-arm'
323 silly reify ]
324 verbose reify failed optional dependency /Users/shivanisatyam/Desktop/TBS website/TBS Website/node_modules/@esbuild/freebsd-x64
325 silly reify mark deleted [
325 silly reify   '/Users/shivanisatyam/Desktop/TBS website/TBS Website/node_modules/@esbuild/freebsd-x64'
325 silly reify ]
326 verbose reify failed optional dependency /Users/shivanisatyam/Desktop/TBS website/TBS Website/node_modules/@esbuild/freebsd-arm64
327 silly reify mark deleted [
327 silly reify   '/Users/shivanisatyam/Desktop/TBS website/TBS Website/node_modules/@esbuild/freebsd-arm64'
327 silly reify ]
328 verbose reify failed optional dependency /Users/shivanisatyam/Desktop/TBS website/TBS Website/node_modules/@esbuild/darwin-arm64
329 silly reify mark deleted [
329 silly reify   '/Users/shivanisatyam/Desktop/TBS website/TBS Website/node_modules/@esbuild/darwin-arm64'
329 silly reify ]
330 verbose reify failed optional dependency /Users/shivanisatyam/Desktop/TBS website/TBS Website/node_modules/@esbuild/android-x64
331 silly reify mark deleted [
331 silly reify   '/Users/shivanisatyam/Desktop/TBS website/TBS Website/node_modules/@esbuild/android-x64'
331 silly reify ]
332 verbose reify failed optional dependency /Users/shivanisatyam/Desktop/TBS website/TBS Website/node_modules/@esbuild/android-arm64
333 silly reify mark deleted [
333 silly reify   '/Users/shivanisatyam/Desktop/TBS website/TBS Website/node_modules/@esbuild/android-arm64'
333 silly reify ]
334 verbose reify failed optional dependency /Users/shivanisatyam/Desktop/TBS website/TBS Website/node_modules/@esbuild/android-arm
335 silly reify mark deleted [
335 silly reify   '/Users/shivanisatyam/Desktop/TBS website/TBS Website/node_modules/@esbuild/android-arm'
335 silly reify ]
336 verbose reify failed optional dependency /Users/shivanisatyam/Desktop/TBS website/TBS Website/node_modules/@esbuild/aix-ppc64
337 silly reify mark deleted [
337 silly reify   '/Users/shivanisatyam/Desktop/TBS website/TBS Website/node_modules/@esbuild/aix-ppc64'
337 silly reify ]
338 http cache @types/babel__template@https://registry.npmjs.org/@types/babel__template/-/babel__template-7.4.4.tgz 0ms (cache hit)
339 http cache @types/babel__traverse@https://registry.npmjs.org/@types/babel__traverse/-/babel__traverse-7.28.0.tgz 0ms (cache hit)
340 http cache @types/babel__generator@https://registry.npmjs.org/@types/babel__generator/-/babel__generator-7.27.0.tgz 0ms (cache hit)
341 http cache yallist@https://registry.npmjs.org/yallist/-/yallist-3.1.1.tgz 0ms (cache hit)
342 http cache @babel/helper-globals@https://registry.npmjs.org/@babel/helper-globals/-/helper-globals-7.28.0.tgz 0ms (cache hit)
343 http cache @babel/helper-string-parser@https://registry.npmjs.org/@babel/helper-string-parser/-/helper-string-parser-7.27.1.tgz 0ms (cache hit)
344 http cache @babel/helper-plugin-utils@https://registry.npmjs.org/@babel/helper-plugin-utils/-/helper-plugin-utils-7.27.1.tgz 0ms (cache hit)
345 http cache @babel/helper-module-imports@https://registry.npmjs.org/@babel/helper-module-imports/-/helper-module-imports-7.27.1.tgz 0ms (cache hit)
346 http cache @babel/compat-data@https://registry.npmjs.org/@babel/compat-data/-/compat-data-7.28.4.tgz 0ms (cache hit)
347 http cache jsesc@https://registry.npmjs.org/jsesc/-/jsesc-3.1.0.tgz 0ms (cache hit)
348 http cache @babel/helper-validator-identifier@https://registry.npmjs.org/@babel/helper-validator-identifier/-/helper-validator-identifier-7.27.1.tgz 0ms (cache hit)
349 http cache json5@https://registry.npmjs.org/json5/-/json5-2.2.3.tgz 0ms (cache hit)
350 http cache gensync@https://registry.npmjs.org/gensync/-/gensync-1.0.0-beta.2.tgz 0ms (cache hit)
351 http cache convert-source-map@https://registry.npmjs.org/convert-source-map/-/convert-source-map-2.0.0.tgz 0ms (cache hit)
352 http cache @jridgewell/remapping@https://registry.npmjs.org/@jridgewell/remapping/-/remapping-2.3.5.tgz 0ms (cache hit)
353 http cache @babel/types@https://registry.npmjs.org/@babel/types/-/types-7.28.4.tgz 0ms (cache hit)
354 http cache @babel/traverse@https://registry.npmjs.org/@babel/traverse/-/traverse-7.28.4.tgz 0ms (cache hit)
355 http cache @babel/template@https://registry.npmjs.org/@babel/template/-/template-7.27.2.tgz 1ms (cache hit)
356 http cache @babel/parser@https://registry.npmjs.org/@babel/parser/-/parser-7.28.4.tgz 0ms (cache hit)
357 http cache @babel/helpers@https://registry.npmjs.org/@babel/helpers/-/helpers-7.28.4.tgz 1ms (cache hit)
358 http cache @babel/helper-module-transforms@https://registry.npmjs.org/@babel/helper-module-transforms/-/helper-module-transforms-7.28.3.tgz 0ms (cache hit)
359 http cache @babel/helper-compilation-targets@https://registry.npmjs.org/@babel/helper-compilation-targets/-/helper-compilation-targets-7.27.2.tgz 0ms (cache hit)
360 http cache @babel/generator@https://registry.npmjs.org/@babel/generator/-/generator-7.28.3.tgz 0ms (cache hit)
361 http cache @babel/code-frame@https://registry.npmjs.org/@babel/code-frame/-/code-frame-7.27.1.tgz 0ms (cache hit)
362 http cache react-refresh@https://registry.npmjs.org/react-refresh/-/react-refresh-0.17.0.tgz 0ms (cache hit)
363 http cache @types/babel__core@https://registry.npmjs.org/@types/babel__core/-/babel__core-7.20.5.tgz 0ms (cache hit)
364 http cache @rolldown/pluginutils@https://registry.npmjs.org/@rolldown/pluginutils/-/pluginutils-1.0.0-beta.38.tgz 0ms (cache hit)
365 http cache @babel/plugin-transform-react-jsx-source@https://registry.npmjs.org/@babel/plugin-transform-react-jsx-source/-/plugin-transform-react-jsx-source-7.27.1.tgz 0ms (cache hit)
366 http cache @babel/plugin-transform-react-jsx-self@https://registry.npmjs.org/@babel/plugin-transform-react-jsx-self/-/plugin-transform-react-jsx-self-7.27.1.tgz 0ms (cache hit)
367 http cache @babel/core@https://registry.npmjs.org/@babel/core/-/core-7.28.4.tgz 0ms (cache hit)
368 http cache @vitejs/plugin-react@https://registry.npmjs.org/@vitejs/plugin-react/-/plugin-react-5.0.4.tgz 0ms (cache hit)
369 http cache fsevents@https://registry.npmjs.org/fsevents/-/fsevents-2.3.3.tgz 0ms (cache hit)
370 http cache lru-cache@https://registry.npmjs.org/lru-cache/-/lru-cache-5.1.1.tgz 0ms (cache hit)
371 http cache @babel/helper-validator-option@https://registry.npmjs.org/@babel/helper-validator-option/-/helper-validator-option-7.27.1.tgz 0ms (cache hit)
372 silly tarball no local data for @types/babel__template@https://registry.npmjs.org/@types/babel__template/-/babel__template-7.4.4.tgz. Extracting by manifest.
373 http cache semver@https://registry.npmjs.org/semver/-/semver-6.3.1.tgz 0ms (cache hit)
374 silly tarball no local data for @types/babel__traverse@https://registry.npmjs.org/@types/babel__traverse/-/babel__traverse-7.28.0.tgz. Extracting by manifest.
375 silly tarball no local data for @types/babel__generator@https://registry.npmjs.org/@types/babel__generator/-/babel__generator-7.27.0.tgz. Extracting by manifest.
376 silly tarball no local data for yallist@https://registry.npmjs.org/yallist/-/yallist-3.1.1.tgz. Extracting by manifest.
377 silly tarball no local data for @babel/helper-globals@https://registry.npmjs.org/@babel/helper-globals/-/helper-globals-7.28.0.tgz. Extracting by manifest.
378 silly tarball no local data for @babel/helper-string-parser@https://registry.npmjs.org/@babel/helper-string-parser/-/helper-string-parser-7.27.1.tgz. Extracting by manifest.
379 silly tarball no local data for @babel/helper-module-imports@https://registry.npmjs.org/@babel/helper-module-imports/-/helper-module-imports-7.27.1.tgz. Extracting by manifest.
380 silly tarball no local data for @babel/helper-plugin-utils@https://registry.npmjs.org/@babel/helper-plugin-utils/-/helper-plugin-utils-7.27.1.tgz. Extracting by manifest.
381 http cache semver@https://registry.npmjs.org/semver/-/semver-6.3.1.tgz 0ms (cache hit)
382 silly tarball no local data for @babel/compat-data@https://registry.npmjs.org/@babel/compat-data/-/compat-data-7.28.4.tgz. Extracting by manifest.
383 silly tarball no local data for jsesc@https://registry.npmjs.org/jsesc/-/jsesc-3.1.0.tgz. Extracting by manifest.
384 silly tarball no local data for @babel/helper-validator-identifier@https://registry.npmjs.org/@babel/helper-validator-identifier/-/helper-validator-identifier-7.27.1.tgz. Extracting by manifest.
385 silly tarball no local data for json5@https://registry.npmjs.org/json5/-/json5-2.2.3.tgz. Extracting by manifest.
386 silly tarball no local data for convert-source-map@https://registry.npmjs.org/convert-source-map/-/convert-source-map-2.0.0.tgz. Extracting by manifest.
387 silly tarball no local data for @jridgewell/remapping@https://registry.npmjs.org/@jridgewell/remapping/-/remapping-2.3.5.tgz. Extracting by manifest.
388 silly tarball no local data for @babel/types@https://registry.npmjs.org/@babel/types/-/types-7.28.4.tgz. Extracting by manifest.
389 silly tarball no local data for @babel/traverse@https://registry.npmjs.org/@babel/traverse/-/traverse-7.28.4.tgz. Extracting by manifest.
390 silly tarball no local data for gensync@https://registry.npmjs.org/gensync/-/gensync-1.0.0-beta.2.tgz. Extracting by manifest.
391 silly tarball no local data for @babel/template@https://registry.npmjs.org/@babel/template/-/template-7.27.2.tgz. Extracting by manifest.
392 silly tarball no local data for @babel/parser@https://registry.npmjs.org/@babel/parser/-/parser-7.28.4.tgz. Extracting by manifest.
393 silly tarball no local data for @babel/helpers@https://registry.npmjs.org/@babel/helpers/-/helpers-7.28.4.tgz. Extracting by manifest.
394 silly tarball no local data for @babel/helper-module-transforms@https://registry.npmjs.org/@babel/helper-module-transforms/-/helper-module-transforms-7.28.3.tgz. Extracting by manifest.
395 silly tarball no local data for @babel/helper-compilation-targets@https://registry.npmjs.org/@babel/helper-compilation-targets/-/helper-compilation-targets-7.27.2.tgz. Extracting by manifest.
396 silly tarball no local data for @babel/generator@https://registry.npmjs.org/@babel/generator/-/generator-7.28.3.tgz. Extracting by manifest.
397 silly tarball no local data for @babel/code-frame@https://registry.npmjs.org/@babel/code-frame/-/code-frame-7.27.1.tgz. Extracting by manifest.
398 silly tarball no local data for react-refresh@https://registry.npmjs.org/react-refresh/-/react-refresh-0.17.0.tgz. Extracting by manifest.
399 silly tarball no local data for @types/babel__core@https://registry.npmjs.org/@types/babel__core/-/babel__core-7.20.5.tgz. Extracting by manifest.
400 silly tarball no local data for @rolldown/pluginutils@https://registry.npmjs.org/@rolldown/pluginutils/-/pluginutils-1.0.0-beta.38.tgz. Extracting by manifest.
401 silly tarball no local data for @babel/plugin-transform-react-jsx-source@https://registry.npmjs.org/@babel/plugin-transform-react-jsx-source/-/plugin-transform-react-jsx-source-7.27.1.tgz. Extracting by manifest.
402 silly tarball no local data for @babel/plugin-transform-react-jsx-self@https://registry.npmjs.org/@babel/plugin-transform-react-jsx-self/-/plugin-transform-react-jsx-self-7.27.1.tgz. Extracting by manifest.
403 silly tarball no local data for @babel/core@https://registry.npmjs.org/@babel/core/-/core-7.28.4.tgz. Extracting by manifest.
404 silly tarball no local data for @vitejs/plugin-react@https://registry.npmjs.org/@vitejs/plugin-react/-/plugin-react-5.0.4.tgz. Extracting by manifest.
405 silly tarball no local data for lru-cache@https://registry.npmjs.org/lru-cache/-/lru-cache-5.1.1.tgz. Extracting by manifest.
406 silly tarball no local data for @babel/helper-validator-option@https://registry.npmjs.org/@babel/helper-validator-option/-/helper-validator-option-7.27.1.tgz. Extracting by manifest.
407 silly tarball no local data for semver@https://registry.npmjs.org/semver/-/semver-6.3.1.tgz. Extracting by manifest.
408 silly tarball no local data for semver@https://registry.npmjs.org/semver/-/semver-6.3.1.tgz. Extracting by manifest.
409 http fetch GET 200 https://registry.npmjs.org/@types/babel__traverse/-/babel__traverse-7.28.0.tgz 167ms (cache miss)
410 http fetch GET 200 https://registry.npmjs.org/@types/babel__generator/-/babel__generator-7.27.0.tgz 167ms (cache miss)
411 http fetch GET 200 https://registry.npmjs.org/@types/babel__template/-/babel__template-7.4.4.tgz 170ms (cache miss)
412 http fetch GET 200 https://registry.npmjs.org/gensync/-/gensync-1.0.0-beta.2.tgz 262ms (cache miss)
413 http fetch GET 200 https://registry.npmjs.org/@babel/template/-/template-7.27.2.tgz 267ms (cache miss)
414 http fetch GET 200 https://registry.npmjs.org/@babel/traverse/-/traverse-7.28.4.tgz 318ms (cache miss)
415 http fetch GET 200 https://registry.npmjs.org/@babel/helper-plugin-utils/-/helper-plugin-utils-7.27.1.tgz 571ms (cache miss)
416 http fetch GET 200 https://registry.npmjs.org/yallist/-/yallist-3.1.1.tgz 577ms (cache miss)
417 http fetch GET 200 https://registry.npmjs.org/@babel/helper-globals/-/helper-globals-7.28.0.tgz 602ms (cache miss)
418 http fetch GET 200 https://registry.npmjs.org/@babel/helper-string-parser/-/helper-string-parser-7.27.1.tgz 660ms (cache miss)
419 http fetch GET 200 https://registry.npmjs.org/convert-source-map/-/convert-source-map-2.0.0.tgz 659ms (cache miss)
420 http fetch GET 200 https://registry.npmjs.org/@babel/compat-data/-/compat-data-7.28.4.tgz 685ms (cache miss)
421 http fetch GET 200 https://registry.npmjs.org/@vitejs/plugin-react/-/plugin-react-5.0.4.tgz 675ms (cache miss)
422 http fetch GET 200 https://registry.npmjs.org/@babel/plugin-transform-react-jsx-self/-/plugin-transform-react-jsx-self-7.27.1.tgz 682ms (cache miss)
423 http fetch GET 200 https://registry.npmjs.org/jsesc/-/jsesc-3.1.0.tgz 696ms (cache miss)
424 http fetch GET 200 https://registry.npmjs.org/lru-cache/-/lru-cache-5.1.1.tgz 697ms (cache miss)
425 http fetch GET 200 https://registry.npmjs.org/@babel/helper-validator-identifier/-/helper-validator-identifier-7.27.1.tgz 717ms (cache miss)
426 http fetch GET 200 https://registry.npmjs.org/semver/-/semver-6.3.1.tgz 708ms (cache miss)
427 http fetch GET 200 https://registry.npmjs.org/@rolldown/pluginutils/-/pluginutils-1.0.0-beta.38.tgz 717ms (cache miss)
428 http fetch GET 200 https://registry.npmjs.org/@babel/helper-module-imports/-/helper-module-imports-7.27.1.tgz 733ms (cache miss)
429 http fetch GET 200 https://registry.npmjs.org/@babel/plugin-transform-react-jsx-source/-/plugin-transform-react-jsx-source-7.27.1.tgz 722ms (cache miss)
430 http fetch GET 200 https://registry.npmjs.org/@babel/helper-module-transforms/-/helper-module-transforms-7.28.3.tgz 738ms (cache miss)
431 http fetch GET 200 https://registry.npmjs.org/@babel/code-frame/-/code-frame-7.27.1.tgz 738ms (cache miss)
432 http fetch GET 200 https://registry.npmjs.org/react-refresh/-/react-refresh-0.17.0.tgz 739ms (cache miss)
433 http fetch GET 200 https://registry.npmjs.org/semver/-/semver-6.3.1.tgz 718ms (cache miss)
434 http fetch GET 200 https://registry.npmjs.org/@types/babel__core/-/babel__core-7.20.5.tgz 739ms (cache miss)
435 http fetch GET 200 https://registry.npmjs.org/@babel/helper-validator-option/-/helper-validator-option-7.27.1.tgz 741ms (cache miss)
436 http fetch GET 200 https://registry.npmjs.org/@babel/helper-compilation-targets/-/helper-compilation-targets-7.27.2.tgz 787ms (cache miss)
437 http fetch GET 200 https://registry.npmjs.org/@jridgewell/remapping/-/remapping-2.3.5.tgz 899ms (cache miss)
438 http fetch GET 200 https://registry.npmjs.org/json5/-/json5-2.2.3.tgz 916ms (cache miss)
439 http fetch GET 200 https://registry.npmjs.org/@babel/generator/-/generator-7.28.3.tgz 1025ms (cache miss)
440 http fetch GET 200 https://registry.npmjs.org/@babel/core/-/core-7.28.4.tgz 1194ms (cache miss)
441 http fetch GET 200 https://registry.npmjs.org/@babel/helpers/-/helpers-7.28.4.tgz 1228ms (cache miss)
442 http fetch GET 200 https://registry.npmjs.org/@babel/types/-/types-7.28.4.tgz 1291ms (cache miss)
443 http fetch GET 200 https://registry.npmjs.org/@babel/parser/-/parser-7.28.4.tgz 1413ms (cache miss)
444 silly ADD node_modules/yallist
445 silly ADD node_modules/@types/babel__traverse
446 silly ADD node_modules/@types/babel__template
447 silly ADD node_modules/@types/babel__generator
448 silly ADD node_modules/@babel/helper-string-parser
449 silly ADD node_modules/@babel/helper-globals
450 silly ADD node_modules/@babel/helper-plugin-utils
451 silly ADD node_modules/@babel/helper-module-imports
452 silly ADD node_modules/@babel/helper-validator-option
453 silly ADD node_modules/@babel/compat-data
454 silly ADD node_modules/jsesc
455 silly ADD node_modules/@babel/helper-validator-identifier
456 silly ADD node_modules/json5
457 silly ADD node_modules/gensync
458 silly ADD node_modules/convert-source-map
459 silly ADD node_modules/@jridgewell/remapping
460 silly ADD node_modules/@babel/types
461 silly ADD node_modules/@babel/traverse
462 silly ADD node_modules/@babel/template
463 silly ADD node_modules/@babel/parser
464 silly ADD node_modules/@babel/helpers
465 silly ADD node_modules/@babel/helper-module-transforms
466 silly ADD node_modules/@babel/helper-compilation-targets
467 silly ADD node_modules/@babel/helper-compilation-targets/node_modules/semver
468 silly ADD node_modules/@babel/helper-compilation-targets/node_modules/lru-cache
469 silly ADD node_modules/@babel/generator
470 silly ADD node_modules/@babel/code-frame
471 silly ADD node_modules/react-refresh
472 silly ADD node_modules/@types/babel__core
473 silly ADD node_modules/@rolldown/pluginutils
474 silly ADD node_modules/@babel/plugin-transform-react-jsx-source
475 silly ADD node_modules/@babel/plugin-transform-react-jsx-self
476 silly ADD node_modules/@babel/core
477 silly ADD node_modules/@babel/core/node_modules/semver
478 silly ADD node_modules/@vitejs/plugin-react
479 silly ADD node_modules/fsevents
480 silly ADD
481 silly ADD
482 silly ADD
483 silly ADD
484 silly ADD
485 silly ADD
486 silly ADD
487 silly ADD
488 silly ADD
489 silly ADD
490 silly ADD
491 silly ADD
492 silly ADD
493 silly ADD
494 silly ADD
495 silly ADD
496 silly ADD
497 silly ADD
498 silly ADD
499 silly ADD
500 silly ADD
501 silly ADD
502 silly ADD
503 silly ADD
504 silly ADD
505 silly ADD
506 silly ADD
507 silly ADD
508 silly ADD
509 silly ADD
510 silly ADD
511 silly ADD
512 silly ADD
513 silly ADD
514 silly ADD
515 silly ADD
516 silly ADD
517 silly ADD
518 silly ADD
519 silly ADD
520 silly ADD
521 silly ADD
522 silly ADD
523 verbose cwd /Users/shivanisatyam/Desktop/TBS website/TBS Website
524 verbose os Darwin 22.6.0
525 verbose node v22.18.0
526 verbose npm  v10.9.3
527 verbose exit 0
528 info ok
